2021-03-18 22:31:36,728 - instabot version: 0.117.0 (bot) - INFO - Instabot version: 0.117.0 Started
2021-03-18 22:31:36,728 - instabot version: 0.117.0 (bot) - DEBUG - Bot imported from C:\Users\User\AppData\Local\Programs\Python\Python39\lib\site-packages\instabot\bot\bot.py
2021-03-18 22:31:36,729 - instabot version: 0.117.0 (api_login) - INFO - Not yet logged in starting: PRE-LOGIN FLOW!
2021-03-18 22:31:37,005 - instabot version: 0.117.0 (api) - DEBUG - POST to endpoint: accounts/get_prefill_candidates/ returned response: <Response [200]>
2021-03-18 22:31:37,253 - instabot version: 0.117.0 (api) - DEBUG - POST to endpoint: qe/sync/ returned response: <Response [200]>
2021-03-18 22:31:37,624 - instabot version: 0.117.0 (api) - DEBUG - POST to endpoint: launcher/sync/ returned response: <Response [200]>
2021-03-18 22:31:37,879 - instabot version: 0.117.0 (api) - DEBUG - POST to endpoint: accounts/contact_point_prefill/ returned response: <Response [200]>
2021-03-18 22:31:39,973 - instabot version: 0.117.0 (api) - DEBUG - POST to endpoint: accounts/login/ returned response: <Response [200]>
2021-03-18 22:31:39,973 - instabot version: 0.117.0 (api) - INFO - Logged-in successfully as 'bigchungus69240e'!
2021-03-18 22:31:39,973 - instabot version: 0.117.0 (api_login) - INFO - LOGIN FLOW! Just logged-in: True
2021-03-18 22:31:40,226 - instabot version: 0.117.0 (api) - DEBUG - POST to endpoint: qe/sync/ returned response: <Response [200]>
2021-03-18 22:31:40,491 - instabot version: 0.117.0 (api) - DEBUG - POST to endpoint: launcher/sync/ returned response: <Response [200]>
2021-03-18 22:31:40,735 - instabot version: 0.117.0 (api) - DEBUG - GET to endpoint: zr/token/result/?device_id=android-261fe63c240e803b&token_hash=&custom_device_id=android-261fe63c240e803b&fetch_reason=token_expired returned response: <Response [200]>
2021-03-18 22:31:41,007 - instabot version: 0.117.0 (api) - DEBUG - GET to endpoint: multiple_accounts/get_account_family/ returned response: <Response [200]>
2021-03-18 22:31:41,259 - instabot version: 0.117.0 (api) - DEBUG - POST to endpoint: qe/sync/ returned response: <Response [200]>
2021-03-18 22:31:41,679 - instabot version: 0.117.0 (api) - DEBUG - GET to endpoint: igtv/browse_feed/?prefetch=1 returned response: <Response [200]>
2021-03-18 22:31:41,930 - instabot version: 0.117.0 (api) - DEBUG - POST to endpoint: creatives/ar_class/ returned response: <Response [200]>
2021-03-18 22:31:42,342 - instabot version: 0.117.0 (api) - DEBUG - POST to endpoint: feed/reels_tray/ returned response: <Response [200]>
2021-03-18 22:31:43,293 - instabot version: 0.117.0 (api) - DEBUG - POST to endpoint: feed/timeline/ returned response: <Response [200]>
2021-03-18 22:31:43,552 - instabot version: 0.117.0 (api) - DEBUG - GET to endpoint: media/blocked/ returned response: <Response [200]>
2021-03-18 22:31:44,401 - instabot version: 0.117.0 (api) - DEBUG - GET to endpoint: news/inbox/ returned response: <Response [200]>
2021-03-18 22:31:44,676 - instabot version: 0.117.0 (api) - DEBUG - GET to endpoint: loom/fetch_config/ returned response: <Response [200]>
2021-03-18 22:31:44,994 - instabot version: 0.117.0 (api) - DEBUG - GET to endpoint: scores/bootstrap/users/?surfaces=["autocomplete_user_list","coefficient_besties_list_ranking","coefficient_rank_recipient_user_suggestion","coefficient_ios_section_test_bootstrap_ranking","coefficient_direct_recipients_ranking_variant_2"] returned response: <Response [200]>
2021-03-18 22:31:45,248 - instabot version: 0.117.0 (api) - DEBUG - GET to endpoint: business/eligibility/get_monetization_products_eligibility_data/?product_types=branded_content returned response: <Response [200]>
2021-03-18 22:31:45,505 - instabot version: 0.117.0 (api) - DEBUG - GET to endpoint: business/branded_content/should_require_professional_account/ returned response: <Response [200]>
2021-03-18 22:31:45,856 - instabot version: 0.117.0 (api) - DEBUG - GET to endpoint: linked_accounts/get_linkage_status/ returned response: <Response [200]>
2021-03-18 22:31:46,133 - instabot version: 0.117.0 (api) - DEBUG - GET to endpoint: locations/request_country/ returned response: <Response [200]>
2021-03-18 22:31:46,476 - instabot version: 0.117.0 (api) - DEBUG - GET to endpoint: qp/get_cooldowns/?signed_body=signed_body=4b9c516a5410a3bc128e09c6104a7f042146b9c2023870560c63a43a7f66781c.4&ig_sig_key_version=4&ig_sig_key_version=4 returned response: <Response [200]>
2021-03-18 22:31:47,098 - instabot version: 0.117.0 (api) - DEBUG - GET to endpoint: users/arlink_download_info/?version_override=2.2.1 returned response: <Response [200]>
2021-03-18 22:31:47,486 - instabot version: 0.117.0 (api) - DEBUG - GET to endpoint: users/46278014652/info/ returned response: <Response [200]>
2021-03-18 22:31:47,791 - instabot version: 0.117.0 (api) - DEBUG - GET to endpoint: direct_v2/get_presence/ returned response: <Response [200]>
2021-03-18 22:31:48,121 - instabot version: 0.117.0 (api) - DEBUG - GET to endpoint: direct_v2/inbox/?visual_message_return_type=unseen&thread_message_limit=10&persistentBadging=true&limit=20 returned response: <Response [200]>
2021-03-18 22:31:48,467 - instabot version: 0.117.0 (api) - DEBUG - GET to endpoint: direct_v2/inbox/?visual_message_return_type=unseen&persistentBadging=true&limit=0 returned response: <Response [200]>
2021-03-18 22:31:48,985 - instabot version: 0.117.0 (api) - DEBUG - GET to endpoint: discover/topical_explore/?is_prefetch=true&omit_cover_media=true&use_sectional_payload=true&timezone_offset=0&session_id=e7675165-2f5d-47c1-b337-6d7a769346f9&include_fixed_destinations=true returned response: <Response [200]>
2021-03-18 22:31:49,239 - instabot version: 0.117.0 (api) - DEBUG - POST to endpoint: notifications/badge/ returned response: <Response [200]>
2021-03-18 22:31:49,667 - instabot version: 0.117.0 (api) - DEBUG - POST to endpoint: qp/batch_fetch/ returned response: <Response [200]>
2021-03-18 22:31:49,668 - instabot version: 0.117.0 (bot_checkpoint) - DEBUG - Loading Checkpoint file from: C:\Users\User\OneDrive\Desktop\py_projects\instagramBot/config/bigchungus69240e.checkpoint
2021-03-18 22:31:52,908 - instabot version: 0.117.0 (api_photo) - ERROR - Photo Upload failed with the following response: <Response [400]>
2021-03-18 22:31:52,908 - instabot version: 0.117.0 (bot_photo) - INFO - Photo './media/1765904348.jpg' is not uploaded.
2021-03-18 22:32:14,637 - instabot version: 0.117.0 (api) - DEBUG - POST to endpoint: media/configure/? returned response: <Response [200]>
2021-03-18 22:32:14,878 - instabot version: 0.117.0 (api) - DEBUG - POST to endpoint: qe/expose/ returned response: <Response [200]>
2021-03-18 22:32:14,878 - instabot version: 0.117.0 (bot_photo) - INFO - Photo './media/1765904348.jpg' is uploaded.
2021-03-18 22:32:16,020 - instabot version: 0.117.0 (api_photo) - ERROR - Photo does not have a compatible photo aspect ratio.
2021-03-18 22:32:16,020 - instabot version: 0.117.0 (bot_photo) - INFO - Photo './media/0348553274.jpg' is not uploaded.
2021-03-18 22:32:41,404 - instabot version: 0.117.0 (api) - DEBUG - POST to endpoint: media/configure/? returned response: <Response [200]>
2021-03-18 22:32:41,680 - instabot version: 0.117.0 (api) - DEBUG - POST to endpoint: qe/expose/ returned response: <Response [200]>
2021-03-18 22:32:41,680 - instabot version: 0.117.0 (bot_photo) - INFO - Photo './media/0348553274.jpg' is uploaded.
2021-03-18 22:33:03,711 - instabot version: 0.117.0 (api) - DEBUG - POST to endpoint: media/configure/? returned response: <Response [200]>
2021-03-18 22:33:04,315 - instabot version: 0.117.0 (api) - DEBUG - POST to endpoint: qe/expose/ returned response: <Response [200]>
2021-03-18 22:33:04,315 - instabot version: 0.117.0 (bot_photo) - INFO - Photo './media/9153619410.jpg' is uploaded.
2021-03-18 22:33:10,890 - instabot version: 0.117.0 (api_photo) - ERROR - Photo Upload failed with the following response: <Response [400]>
2021-03-18 22:33:10,890 - instabot version: 0.117.0 (bot_photo) - INFO - Photo './media/4411503133.jpg' is not uploaded.
2021-03-18 22:33:33,458 - instabot version: 0.117.0 (api) - DEBUG - POST to endpoint: media/configure/? returned response: <Response [200]>
2021-03-18 22:33:33,751 - instabot version: 0.117.0 (api) - DEBUG - POST to endpoint: qe/expose/ returned response: <Response [200]>
2021-03-18 22:33:33,752 - instabot version: 0.117.0 (bot_photo) - INFO - Photo './media/4411503133.jpg' is uploaded.
2021-03-18 22:33:34,719 - instabot version: 0.117.0 (api_photo) - ERROR - Photo does not have a compatible photo aspect ratio.
2021-03-18 22:33:34,719 - instabot version: 0.117.0 (bot_photo) - INFO - Photo './media/2181504958.jpg' is not uploaded.
2021-03-18 22:33:57,767 - instabot version: 0.117.0 (api) - DEBUG - POST to endpoint: media/configure/? returned response: <Response [200]>
2021-03-18 22:33:58,079 - instabot version: 0.117.0 (api) - DEBUG - POST to endpoint: qe/expose/ returned response: <Response [200]>
2021-03-18 22:33:58,079 - instabot version: 0.117.0 (bot_photo) - INFO - Photo './media/2181504958.jpg' is uploaded.
2021-03-18 22:34:23,585 - instabot version: 0.117.0 (api) - DEBUG - POST to endpoint: media/configure/? returned response: <Response [200]>
2021-03-18 22:34:23,825 - instabot version: 0.117.0 (api) - DEBUG - POST to endpoint: qe/expose/ returned response: <Response [200]>
2021-03-18 22:34:23,826 - instabot version: 0.117.0 (bot_photo) - INFO - Photo './media/5033451658.jpg' is uploaded.
2021-03-18 22:34:23,830 - instabot version: 0.117.0 (bot_checkpoint) - DEBUG - Saving Checkpoint file to: C:\Users\User\OneDrive\Desktop\py_projects\instagramBot/config/bigchungus69240e.checkpoint
2021-03-18 22:34:23,831 - instabot version: 0.117.0 (bot) - INFO - Total requests: 43
